Mar-07 12:32:32.024 [main] DEBUG nextflow.cli.Launcher - $> nextflow run conditional_execution.nf
Mar-07 12:32:32.068 [main] DEBUG nextflow.cli.CmdRun - N E X T F L O W  ~  version 24.10.4
Mar-07 12:32:32.109 [main] DEBUG nextflow.plugin.PluginsFacade - Setting up plugin manager > mode=prod; embedded=false; plugins-dir=/Users/putriramadani/.nextflow/plugins; core-plugins: nf-amazon@2.9.2,nf-azure@1.10.2,nf-cloudcache@0.4.2,nf-codecommit@0.2.2,nf-console@1.1.4,nf-google@1.15.3,nf-tower@1.9.3,nf-wave@1.7.4
Mar-07 12:32:32.127 [main] INFO  o.pf4j.DefaultPluginStatusProvider - Enabled plugins: []
Mar-07 12:32:32.128 [main] INFO  o.pf4j.DefaultPluginStatusProvider - Disabled plugins: []
Mar-07 12:32:32.129 [main] INFO  org.pf4j.DefaultPluginManager - PF4J version 3.12.0 in 'deployment' mode
Mar-07 12:32:32.135 [main] INFO  org.pf4j.AbstractPluginManager - No plugins
Mar-07 12:32:32.166 [main] DEBUG nextflow.cli.CmdRun - Applied DSL=2 from script declaration
Mar-07 12:32:32.174 [main] DEBUG nextflow.cli.CmdRun - Launching `conditional_execution.nf` [kickass_visvesvaraya] DSL2 - revision: 148088a02f
Mar-07 12:32:32.174 [main] DEBUG nextflow.plugin.PluginsFacade - Plugins default=[]
Mar-07 12:32:32.175 [main] DEBUG nextflow.plugin.PluginsFacade - Plugins resolved requirement=[]
Mar-07 12:32:32.203 [main] DEBUG nextflow.Session - Session UUID: 0417d149-1f14-485d-850c-d0c7773a1f9f
Mar-07 12:32:32.204 [main] DEBUG nextflow.Session - Run name: kickass_visvesvaraya
Mar-07 12:32:32.204 [main] DEBUG nextflow.Session - Executor pool size: 8
Mar-07 12:32:32.214 [main] DEBUG nextflow.file.FilePorter - File porter settings maxRetries=3; maxTransfers=50; pollTimeout=null
Mar-07 12:32:32.216 [main] DEBUG nextflow.util.ThreadPoolBuilder - Creating thread pool 'FileTransfer' minSize=10; maxSize=24; workQueue=LinkedBlockingQueue[10000]; allowCoreThreadTimeout=false
Mar-07 12:32:32.261 [main] DEBUG nextflow.cli.CmdRun - 
  Version: 24.10.4 build 5934
  Created: 20-01-2025 16:47 UTC (11:47 EDT)
  System: Mac OS X 14.5
  Runtime: Groovy 4.0.23 on Java HotSpot(TM) 64-Bit Server VM 23.0.1+11-39
  Encoding: UTF-8 (UTF-8)
  Process: 1027@putri-ramadani.local [127.0.0.1]
  CPUs: 8 - Mem: 16 GB (57.3 MB) - Swap: 0 (0)
Mar-07 12:32:32.267 [main] DEBUG nextflow.Session - Work-dir: /Users/putriramadani/Documents/GitHub/nextflow-learning/work [Mac OS X]
Mar-07 12:32:32.268 [main] DEBUG nextflow.Session - Script base path does not exist or is not a directory: /Users/putriramadani/Documents/GitHub/nextflow-learning/bin
Mar-07 12:32:32.276 [main] DEBUG nextflow.executor.ExecutorFactory - Extension executors providers=[]
Mar-07 12:32:32.280 [main] DEBUG nextflow.Session - Observer factory: DefaultObserverFactory
Mar-07 12:32:32.292 [main] DEBUG nextflow.cache.CacheFactory - Using Nextflow cache factory: nextflow.cache.DefaultCacheFactory
Mar-07 12:32:32.296 [main] DEBUG nextflow.util.CustomThreadPool - Creating default thread pool > poolSize: 9; maxThreads: 1000
Mar-07 12:32:32.322 [main] DEBUG nextflow.Session - Session start
Mar-07 12:32:32.533 [main] DEBUG nextflow.script.ScriptRunner - > Launching execution
Mar-07 12:32:32.539 [main] DEBUG n.secret.LocalSecretsProvider - Secrets store: /Users/putriramadani/.nextflow/secrets/store.json
Mar-07 12:32:32.542 [main] DEBUG nextflow.secret.SecretsLoader - Discovered secrets providers: [nextflow.secret.LocalSecretsProvider@2a235b8e] - activable => nextflow.secret.LocalSecretsProvider@2a235b8e
Mar-07 12:32:32.595 [main] DEBUG nextflow.executor.ExecutorFactory - << taskConfig executor: null
Mar-07 12:32:32.596 [main] DEBUG nextflow.executor.ExecutorFactory - >> processorType: 'local'
Mar-07 12:32:32.598 [main] DEBUG nextflow.executor.Executor - [warm up] executor > local
Mar-07 12:32:32.602 [main] DEBUG n.processor.LocalPollingMonitor - Creating local task monitor for executor 'local' > cpus=8; memory=16 GB; capacity=8; pollInterval=100ms; dumpInterval=5m
Mar-07 12:32:32.603 [main] DEBUG n.processor.TaskPollingMonitor - >>> barrier register (monitor: local)
Mar-07 12:32:32.629 [main] DEBUG nextflow.Session - Workflow process names [dsl2]: checkThreshold
Mar-07 12:32:32.629 [main] DEBUG nextflow.Session - Igniting dataflow network (2)
Mar-07 12:32:32.629 [main] DEBUG nextflow.processor.TaskProcessor - Starting process > checkThreshold
Mar-07 12:32:32.629 [main] DEBUG nextflow.script.ScriptRunner - Parsed script files:
  Script_f39f832706a7cad9: /Users/putriramadani/Documents/GitHub/nextflow-learning/conditional_execution.nf
Mar-07 12:32:32.629 [main] DEBUG nextflow.script.ScriptRunner - > Awaiting termination 
Mar-07 12:32:32.629 [main] DEBUG nextflow.Session - Session await
Mar-07 12:32:32.692 [Task submitter] DEBUG n.executor.local.LocalTaskHandler - Launch cmd line: /bin/bash -ue .command.run
Mar-07 12:32:32.693 [Task submitter] INFO  nextflow.Session - [b9/b5501e] Submitted process > checkThreshold (2)
Mar-07 12:32:32.696 [Task submitter] DEBUG n.executor.local.LocalTaskHandler - Launch cmd line: /bin/bash -ue .command.run
Mar-07 12:32:32.696 [Task submitter] INFO  nextflow.Session - [d9/156af0] Submitted process > checkThreshold (4)
Mar-07 12:32:32.704 [Task monitor] DEBUG n.processor.TaskPollingMonitor - Task completed > TaskHandler[id: 2; name: checkThreshold (2); status: COMPLETED; exit: 0; error: -; workDir: /Users/putriramadani/Documents/GitHub/nextflow-learning/work/b9/b5501edb361689150cd971fb69c9ce]
Mar-07 12:32:32.704 [Task monitor] DEBUG nextflow.util.ThreadPoolBuilder - Creating thread pool 'TaskFinalizer' minSize=10; maxSize=24; workQueue=LinkedBlockingQueue[10000]; allowCoreThreadTimeout=false
Mar-07 12:32:32.705 [Task monitor] DEBUG n.processor.TaskPollingMonitor - Task completed > TaskHandler[id: 4; name: checkThreshold (4); status: COMPLETED; exit: 0; error: -; workDir: /Users/putriramadani/Documents/GitHub/nextflow-learning/work/d9/156af0104ec760d53b245838c64099]
Mar-07 12:32:32.711 [main] DEBUG nextflow.Session - Session await > all processes finished
Mar-07 12:32:32.806 [Task monitor] DEBUG n.processor.TaskPollingMonitor - <<< barrier arrives (monitor: local) - terminating tasks monitor poll loop
Mar-07 12:32:32.806 [main] DEBUG nextflow.Session - Session await > all barriers passed
Mar-07 12:32:32.808 [main] DEBUG nextflow.util.ThreadPoolManager - Thread pool 'TaskFinalizer' shutdown completed (hard=false)
Mar-07 12:32:32.810 [main] DEBUG n.trace.WorkflowStatsObserver - Workflow completed > WorkflowStats[succeededCount=2; failedCount=0; ignoredCount=0; cachedCount=0; pendingCount=0; submittedCount=0; runningCount=0; retriesCount=0; abortedCount=0; succeedDuration=1ms; failedDuration=0ms; cachedDuration=0ms;loadCpus=0; loadMemory=0; peakRunning=2; peakCpus=2; peakMemory=0; ]
Mar-07 12:32:32.957 [main] DEBUG nextflow.cache.CacheDB - Closing CacheDB done
Mar-07 12:32:32.963 [main] DEBUG nextflow.util.ThreadPoolManager - Thread pool 'FileTransfer' shutdown completed (hard=false)
Mar-07 12:32:32.963 [main] DEBUG nextflow.script.ScriptRunner - > Execution complete -- Goodbye
